c:\users\killi\documents\simple driver\cs2esp_driver\x64\release\vc145.pdb
c:\users\killi\documents\simple driver\cs2esp_driver\x64\release\process.obj
c:\users\killi\documents\simple driver\cs2esp_driver\x64\release\memory.obj
c:\users\killi\documents\simple driver\cs2esp_driver\x64\release\iocontrol.obj
c:\users\killi\documents\simple driver\cs2esp_driver\x64\release\globals.obj
c:\users\killi\documents\simple driver\cs2esp_driver\x64\release\game.obj
c:\users\killi\documents\simple driver\cs2esp_driver\x64\release\driver.obj
c:\users\killi\documents\simple driver\x64\release\cs2esp_driver\cs2esp_driver.cat
c:\users\killi\documents\simple driver\x64\release\cs2esp_driver.sys
c:\users\killi\documents\simple driver\x64\release\cs2esp_driver.pdb
c:\users\killi\documents\simple driver\cs2esp_driver\x64\release\cs2esp_driver.inf
c:\users\killi\documents\simple driver\x64\release\cs2esp_driver.cer
c:\users\killi\documents\simple driver\x64\release\cs2esp_driver.inf
c:\users\killi\documents\simple driver\cs2esp_driver\x64\release\cs2esp_driver.tlog\cl.command.1.tlog
c:\users\killi\documents\simple driver\cs2esp_driver\x64\release\cs2esp_driver.tlog\cl.items.tlog
c:\users\killi\documents\simple driver\cs2esp_driver\x64\release\cs2esp_driver.tlog\cl.read.1.tlog
c:\users\killi\documents\simple driver\cs2esp_driver\x64\release\cs2esp_driver.tlog\cl.write.1.tlog
c:\users\killi\documents\simple driver\cs2esp_driver\x64\release\cs2esp_driver.tlog\drvcat.command.1.tlog
c:\users\killi\documents\simple driver\cs2esp_driver\x64\release\cs2esp_driver.tlog\drvcat.read.1.tlog
c:\users\killi\documents\simple driver\cs2esp_driver\x64\release\cs2esp_driver.tlog\drvcat.write.1.tlog
c:\users\killi\documents\simple driver\cs2esp_driver\x64\release\cs2esp_driver.tlog\inf2cat-expand.26128.read.1.tlog
c:\users\killi\documents\simple driver\cs2esp_driver\x64\release\cs2esp_driver.tlog\inf2cat-expand.26128.write.1.tlog
c:\users\killi\documents\simple driver\cs2esp_driver\x64\release\cs2esp_driver.tlog\inf2cat-expand.read.1.tlog
c:\users\killi\documents\simple driver\cs2esp_driver\x64\release\cs2esp_driver.tlog\inf2cat-expand.write.1.tlog
c:\users\killi\documents\simple driver\cs2esp_driver\x64\release\cs2esp_driver.tlog\inf2cat.command.1.tlog
c:\users\killi\documents\simple driver\cs2esp_driver\x64\release\cs2esp_driver.tlog\inf2cat.read.1.tlog
c:\users\killi\documents\simple driver\cs2esp_driver\x64\release\cs2esp_driver.tlog\inf2cat.write.1.tlog
c:\users\killi\documents\simple driver\cs2esp_driver\x64\release\cs2esp_driver.tlog\link.command.1.tlog
c:\users\killi\documents\simple driver\cs2esp_driver\x64\release\cs2esp_driver.tlog\link.read.1.tlog
c:\users\killi\documents\simple driver\cs2esp_driver\x64\release\cs2esp_driver.tlog\link.secondary.1.tlog
c:\users\killi\documents\simple driver\cs2esp_driver\x64\release\cs2esp_driver.tlog\link.write.1.tlog
c:\users\killi\documents\simple driver\cs2esp_driver\x64\release\cs2esp_driver.tlog\signtool.command.1.tlog
c:\users\killi\documents\simple driver\cs2esp_driver\x64\release\cs2esp_driver.tlog\signtool.read.1.tlog
c:\users\killi\documents\simple driver\cs2esp_driver\x64\release\cs2esp_driver.tlog\signtool.timestamp.1.tlog
c:\users\killi\documents\simple driver\cs2esp_driver\x64\release\cs2esp_driver.tlog\signtool.write.1.tlog
c:\users\killi\documents\simple driver\cs2esp_driver\x64\release\cs2esp_driver.tlog\stampinf.command.1.tlog
c:\users\killi\documents\simple driver\cs2esp_driver\x64\release\cs2esp_driver.tlog\stampinf.read.1.tlog
c:\users\killi\documents\simple driver\cs2esp_driver\x64\release\cs2esp_driver.tlog\stampinf.write.1.tlog
