c:\users\killi\documents\simple driver\render\x64\release\vc145.pdb
c:\users\killi\documents\simple driver\render\x64\release\rendering.obj
c:\users\killi\documents\simple driver\render\x64\release\overlay.obj
c:\users\killi\documents\simple driver\render\x64\release\main.obj
c:\users\killi\documents\simple driver\render\x64\release\imgui_widgets.obj
c:\users\killi\documents\simple driver\render\x64\release\imgui_tables.obj
c:\users\killi\documents\simple driver\render\x64\release\imgui_impl_win32.obj
c:\users\killi\documents\simple driver\render\x64\release\imgui_impl_dx11.obj
c:\users\killi\documents\simple driver\render\x64\release\imgui_draw.obj
c:\users\killi\documents\simple driver\render\x64\release\imgui.obj
c:\users\killi\documents\simple driver\render\x64\release\driverclient.obj
c:\users\killi\documents\simple driver\x64\release\render.exe
c:\users\killi\documents\simple driver\x64\release\render.pdb
c:\users\killi\documents\simple driver\render\x64\release\render.ipdb
c:\users\killi\documents\simple driver\render\x64\release\render.iobj
c:\users\killi\documents\simple driver\render\x64\release\render.tlog\cl.command.1.tlog
c:\users\killi\documents\simple driver\render\x64\release\render.tlog\cl.items.tlog
c:\users\killi\documents\simple driver\render\x64\release\render.tlog\cl.read.1.tlog
c:\users\killi\documents\simple driver\render\x64\release\render.tlog\cl.write.1.tlog
c:\users\killi\documents\simple driver\render\x64\release\render.tlog\link.command.1.tlog
c:\users\killi\documents\simple driver\render\x64\release\render.tlog\link.read.1.tlog
c:\users\killi\documents\simple driver\render\x64\release\render.tlog\link.secondary.1.tlog
c:\users\killi\documents\simple driver\render\x64\release\render.tlog\link.write.1.tlog
